<?xml version="1.0" encoding="UTF-8"?>
<!-- Generated by org.testng.reporters.JUnitReportReporter -->
<testsuite hostname="LAPTOP-V89S2LS6" failures="0" tests="3" name="TestNG.DataProviderEx4" time="42.616" errors="0" timestamp="2025-02-06T18:16:23 MST" skipped="0">
  <testcase classname="TestNG.DataProviderEx4" name="createOrganization" time="14.487"/>
  <system-out/>
  <testcase classname="TestNG.DataProviderEx4" name="createOrganization" time="14.080"/>
  <system-out/>
  <testcase classname="TestNG.DataProviderEx4" name="createOrganization" time="14.049"/>
  <system-out/>
</testsuite> <!-- TestNG.DataProviderEx4 -->
