<?xml version="1.0" encoding="UTF-8"?>
<!-- Generated by org.testng.reporters.JUnitReportReporter -->
<testsuite hostname="LAPTOP-V89S2LS6" failures="0" tests="1" name="Organization_1.Create_Organization4Test" time="14.169" errors="0" timestamp="2025-02-13T18:28:41 MST" skipped="0">
  <testcase classname="Organization_1.Create_Organization4Test" name="Create_Organization4Test" time="14.169"/>
</testsuite> <!-- Organization_1.Create_Organization4Test -->
