<?xml version="1.0" encoding="UTF-8"?>
<!-- Generated by org.testng.reporters.JUnitReportReporter -->
<testsuite hostname="LAPTOP-V89S2LS6" failures="0" tests="5" name="TestNG.SampleTest_Invocation" time="0.018" errors="0" timestamp="2025-01-29T20:55:25 MST" skipped="0">
  <testcase classname="TestNG.SampleTest_Invocation" name="deleteContacts" time="0.001"/>
  <system-out/>
  <testcase classname="TestNG.SampleTest_Invocation" name="createContact" time="0.008"/>
  <system-out/>
  <testcase classname="TestNG.SampleTest_Invocation" name="createContact" time="0.001"/>
  <system-out/>
  <testcase classname="TestNG.SampleTest_Invocation" name="modifyContact" time="0.000"/>
  <system-out/>
  <testcase classname="TestNG.SampleTest_Invocation" name="createContact" time="0.008"/>
  <system-out/>
</testsuite> <!-- TestNG.SampleTest_Invocation -->
