<?xml version="1.0" encoding="UTF-8"?>
<!-- Generated by org.testng.reporters.JUnitReportReporter -->
<testsuite hostname="LAPTOP-V89S2LS6" failures="0" tests="3" name="TestNG.DataProviderWith_Integres" time="0.021" errors="0" timestamp="2025-02-04T22:19:08 MST" skipped="0">
  <testcase classname="TestNG.DataProviderWith_Integres" name="bookTickets" time="0.018"/>
  <system-out/>
  <testcase classname="TestNG.DataProviderWith_Integres" name="bookTickets" time="0.002"/>
  <system-out/>
  <testcase classname="TestNG.DataProviderWith_Integres" name="bookTickets" time="0.001"/>
  <system-out/>
</testsuite> <!-- TestNG.DataProviderWith_Integres -->
