<?xml version="1.0" encoding="UTF-8"?>
<!-- Generated by org.testng.reporters.JUnitReportReporter -->
<testsuite hostname="LAPTOP-V89S2LS6" failures="0" tests="1" name="Campaign_1.Create_Campaign4Test" time="12.761" errors="0" timestamp="2025-02-13T18:28:41 MST" skipped="0">
  <testcase classname="Campaign_1.Create_Campaign4Test" name="create_Campaign4Test" time="12.761"/>
</testsuite> <!-- Campaign_1.Create_Campaign4Test -->
