<?xml version="1.0" encoding="UTF-8"?>
<!-- Generated by org.testng.reporters.JUnitReportReporter -->
<testsuite hostname="LAPTOP-V89S2LS6" failures="0" tests="3" name="TestNG.SampleTest4_Enable_A_Method" time="0.015" errors="0" timestamp="2025-01-29T21:08:40 MST" skipped="1">
  <testcase classname="TestNG.SampleTest4_Enable_A_Method" name="deleteContacts" time="0.004"/>
  <system-out/>
  <testcase classname="TestNG.SampleTest4_Enable_A_Method" name="createContact" time="0.011"/>
  <system-out/>
  <testcase classname="TestNG.SampleTest4_Enable_A_Method" name="modifyContact">
    <skipped/>
  </testcase> <!-- modifyContact -->
  <system-out/>
</testsuite> <!-- TestNG.SampleTest4_Enable_A_Method -->
