<?xml version="1.0" encoding="UTF-8"?>
<!-- Generated by org.testng.reporters.JUnitReportReporter -->
<testsuite hostname="LAPTOP-V89S2LS6" failures="0" tests="3" name="TestNG.SampleTest1" time="0.011" errors="0" timestamp="2025-02-05T19:48:18 MST" skipped="0">
  <testcase classname="TestNG.SampleTest1" name="createContact" time="0.009"/>
  <system-out/>
  <testcase classname="TestNG.SampleTest1" name="modifyContact" time="0.001"/>
  <system-out/>
  <testcase classname="TestNG.SampleTest1" name="deleteContacts" time="0.001"/>
  <system-out/>
</testsuite> <!-- TestNG.SampleTest1 -->
