<?xml version="1.0" encoding="UTF-8"?>
<!-- Generated by org.testng.reporters.JUnitReportReporter -->
<testsuite hostname="LAPTOP-V89S2LS6" failures="0" tests="3" name="TestNG.DataProviderEx1" time="0.013" errors="0" timestamp="2025-02-04T22:16:21 MST" skipped="0">
  <testcase classname="TestNG.DataProviderEx1" name="bookTickets" time="0.010"/>
  <system-out/>
  <testcase classname="TestNG.DataProviderEx1" name="bookTickets" time="0.001"/>
  <system-out/>
  <testcase classname="TestNG.DataProviderEx1" name="bookTickets" time="0.002"/>
  <system-out/>
</testsuite> <!-- TestNG.DataProviderEx1 -->
