<?xml version="1.0" encoding="UTF-8"?>
<!-- Generated by org.testng.reporters.JUnitReportReporter -->
<testsuite hostname="LAPTOP-V89S2LS6" failures="0" tests="3" name="TestNG.SampleTest3" time="0.009" errors="0" timestamp="2025-01-28T17:00:19 MST" skipped="0">
  <testcase classname="TestNG.SampleTest3" name="modifyContact" time="0.001"/>
  <system-out/>
  <testcase classname="TestNG.SampleTest3" name="createContact" time="0.007"/>
  <system-out/>
  <testcase classname="TestNG.SampleTest3" name="deleteContacts" time="0.001"/>
  <system-out/>
</testsuite> <!-- TestNG.SampleTest3 -->
