<?xml version="1.0" encoding="UTF-8"?>
<!-- Generated by org.testng.reporters.JUnitReportReporter -->
<testsuite hostname="LAPTOP-V89S2LS6" failures="0" tests="3" name="TestNG.DataProviderEx3_With_TestScript" time="43.717" errors="0" timestamp="2025-02-06T17:37:04 MST" skipped="0">
  <testcase classname="TestNG.DataProviderEx3_With_TestScript" name="createOrganization" time="14.154"/>
  <system-out/>
  <testcase classname="TestNG.DataProviderEx3_With_TestScript" name="createOrganization" time="15.471"/>
  <system-out/>
  <testcase classname="TestNG.DataProviderEx3_With_TestScript" name="createOrganization" time="14.092"/>
  <system-out/>
</testsuite> <!-- TestNG.DataProviderEx3_With_TestScript -->
