<?xml version="1.0" encoding="UTF-8"?>
<!-- Generated by org.testng.reporters.JUnitReportReporter -->
<testsuite hostname="LAPTOP-V89S2LS6" failures="0" tests="3" name="TestNG.SampleTest" time="0.008" errors="0" timestamp="2025-01-28T15:20:06 MST" skipped="0">
  <testcase classname="TestNG.SampleTest" name="createContact" time="0.006"/>
  <system-out/>
  <testcase classname="TestNG.SampleTest" name="greetingPeople" time="0.001"/>
  <system-out/>
  <testcase classname="TestNG.SampleTest" name="deleteContacts" time="0.001"/>
  <system-out/>
</testsuite> <!-- TestNG.SampleTest -->
