<?xml version="1.0" encoding="UTF-8"?>
<!-- Generated by org.testng.reporters.JUnitReportReporter -->
<testsuite hostname="LAPTOP-V89S2LS6" failures="0" tests="1" name="Product_1.Create_Product4Test" time="13.500" errors="0" timestamp="2025-02-13T14:41:50 MST" skipped="0">
  <testcase classname="Product_1.Create_Product4Test" name="create_Product4Test" time="13.500"/>
</testsuite> <!-- Product_1.Create_Product4Test -->
